<?xml version="1.0" encoding="UTF-8"?>
<!-- Generated by org.testng.reporters.JUnitReportReporter -->
<testsuite hostname="amitanya" name="automationTestNg.SignIn" tests="1" failures="0" timestamp="6 Nov 2017 23:30:28 GMT" time="6.605" errors="0">
  <testcase name="Registration" time="6.605" classname="automationTestNg.SignIn"/>
</testsuite> <!-- automationTestNg.SignIn -->
